{"/Users/efishery/Documents/Personal/movie-catalog-vite/src/assets/icons/cross.tsx": {"path":"/Users/efishery/Documents/Personal/movie-catalog-vite/src/assets/icons/cross.tsx","statementMap":{"0":{"start":{"line":3,"column":14},"end":{"line":18,"column":1}},"1":{"start":{"line":4,"column":2},"end":{"line":17,"column":4}},"2":{"start":{"line":20,"column":0},"end":{"line":20,"column":21}}},"fnMap":{"0":{"name":"(anonymous_0)","decl":{"start":{"line":3,"column":14},"end":{"line":3,"column":15}},"loc":{"start":{"line":3,"column":48},"end":{"line":18,"column":1}}}},"branchMap":{"0":{"loc":{"start":{"line":3,"column":17},"end":{"line":3,"column":31}},"type":"default-arg","locations":[{"start":{"line":3,"column":29},"end":{"line":3,"column":31}}]}},"s":{"0":1,"1":0,"2":1},"f":{"0":0},"b":{"0":[0]}}
,"/Users/efishery/Documents/Personal/movie-catalog-vite/src/assets/icons/eye.tsx": {"path":"/Users/efishery/Documents/Personal/movie-catalog-vite/src/assets/icons/eye.tsx","statementMap":{"0":{"start":{"line":3,"column":22},"end":{"line":19,"column":1}},"1":{"start":{"line":4,"column":2},"end":{"line":18,"column":4}},"2":{"start":{"line":21,"column":0},"end":{"line":21,"column":29}}},"fnMap":{"0":{"name":"(anonymous_0)","decl":{"start":{"line":3,"column":22},"end":{"line":3,"column":23}},"loc":{"start":{"line":3,"column":56},"end":{"line":19,"column":1}}}},"branchMap":{"0":{"loc":{"start":{"line":3,"column":25},"end":{"line":3,"column":39}},"type":"default-arg","locations":[{"start":{"line":3,"column":37},"end":{"line":3,"column":39}}]}},"s":{"0":1,"1":3,"2":1},"f":{"0":3},"b":{"0":[0]}}
,"/Users/efishery/Documents/Personal/movie-catalog-vite/src/assets/icons/search.tsx": {"path":"/Users/efishery/Documents/Personal/movie-catalog-vite/src/assets/icons/search.tsx","statementMap":{"0":{"start":{"line":3,"column":19},"end":{"line":18,"column":1}},"1":{"start":{"line":4,"column":2},"end":{"line":17,"column":4}},"2":{"start":{"line":20,"column":0},"end":{"line":20,"column":26}}},"fnMap":{"0":{"name":"(anonymous_0)","decl":{"start":{"line":3,"column":19},"end":{"line":3,"column":20}},"loc":{"start":{"line":3,"column":53},"end":{"line":18,"column":1}}}},"branchMap":{"0":{"loc":{"start":{"line":3,"column":22},"end":{"line":3,"column":36}},"type":"default-arg","locations":[{"start":{"line":3,"column":34},"end":{"line":3,"column":36}}]}},"s":{"0":1,"1":6,"2":1},"f":{"0":6},"b":{"0":[0]}}
,"/Users/efishery/Documents/Personal/movie-catalog-vite/src/assets/icons/stars.tsx": {"path":"/Users/efishery/Documents/Personal/movie-catalog-vite/src/assets/icons/stars.tsx","statementMap":{"0":{"start":{"line":3,"column":17},"end":{"line":18,"column":1}},"1":{"start":{"line":4,"column":2},"end":{"line":17,"column":4}},"2":{"start":{"line":20,"column":0},"end":{"line":20,"column":24}}},"fnMap":{"0":{"name":"(anonymous_0)","decl":{"start":{"line":3,"column":17},"end":{"line":3,"column":18}},"loc":{"start":{"line":3,"column":51},"end":{"line":18,"column":1}}}},"branchMap":{"0":{"loc":{"start":{"line":3,"column":20},"end":{"line":3,"column":34}},"type":"default-arg","locations":[{"start":{"line":3,"column":32},"end":{"line":3,"column":34}}]}},"s":{"0":1,"1":3,"2":1},"f":{"0":3},"b":{"0":[0]}}
,"/Users/efishery/Documents/Personal/movie-catalog-vite/src/components/atom/Image.tsx": {"path":"/Users/efishery/Documents/Personal/movie-catalog-vite/src/components/atom/Image.tsx","statementMap":{"0":{"start":{"line":1,"column":0},"end":{"line":1,"column":33}},"1":{"start":{"line":10,"column":36},"end":{"line":28,"column":1}},"2":{"start":{"line":16,"column":30},"end":{"line":16,"column":45}},"3":{"start":{"line":18,"column":2},"end":{"line":27,"column":4}},"4":{"start":{"line":25,"column":20},"end":{"line":25,"column":35}},"5":{"start":{"line":30,"column":0},"end":{"line":30,"column":21}}},"fnMap":{"0":{"name":"(anonymous_0)","decl":{"start":{"line":10,"column":36},"end":{"line":10,"column":37}},"loc":{"start":{"line":15,"column":5},"end":{"line":28,"column":1}}},"1":{"name":"(anonymous_1)","decl":{"start":{"line":25,"column":14},"end":{"line":25,"column":17}},"loc":{"start":{"line":25,"column":20},"end":{"line":25,"column":35}}}},"branchMap":{"0":{"loc":{"start":{"line":13,"column":2},"end":{"line":13,"column":10}},"type":"default-arg","locations":[{"start":{"line":13,"column":8},"end":{"line":13,"column":10}}]},"1":{"loc":{"start":{"line":14,"column":2},"end":{"line":14,"column":16}},"type":"default-arg","locations":[{"start":{"line":14,"column":14},"end":{"line":14,"column":16}}]},"2":{"loc":{"start":{"line":20,"column":11},"end":{"line":20,"column":42}},"type":"cond-expr","locations":[{"start":{"line":20,"column":20},"end":{"line":20,"column":30}},{"start":{"line":20,"column":33},"end":{"line":20,"column":42}}]},"3":{"loc":{"start":{"line":23,"column":8},"end":{"line":23,"column":null}},"type":"cond-expr","locations":[{"start":{"line":23,"column":17},"end":{"line":23,"column":25}},{"start":{"line":23,"column":28},"end":{"line":23,"column":null}}]}},"s":{"0":1,"1":1,"2":3,"3":3,"4":0,"5":1},"f":{"0":3,"1":0},"b":{"0":[0],"1":[3],"2":[0,3],"3":[0,3]}}
,"/Users/efishery/Documents/Personal/movie-catalog-vite/src/components/atom/Loading.tsx": {"path":"/Users/efishery/Documents/Personal/movie-catalog-vite/src/components/atom/Loading.tsx","statementMap":{"0":{"start":{"line":1,"column":23},"end":{"line":9,"column":1}},"1":{"start":{"line":2,"column":2},"end":{"line":8,"column":4}},"2":{"start":{"line":1,"column":13},"end":{"line":1,"column":23}}},"fnMap":{"0":{"name":"(anonymous_0)","decl":{"start":{"line":1,"column":23},"end":{"line":1,"column":26}},"loc":{"start":{"line":1,"column":28},"end":{"line":9,"column":1}}}},"branchMap":{},"s":{"0":1,"1":3,"2":1},"f":{"0":3},"b":{}}
,"/Users/efishery/Documents/Personal/movie-catalog-vite/src/components/atom/Navigation.tsx": {"path":"/Users/efishery/Documents/Personal/movie-catalog-vite/src/components/atom/Navigation.tsx","statementMap":{"0":{"start":{"line":1,"column":0},"end":{"line":1,"column":41}},"1":{"start":{"line":2,"column":0},"end":{"line":2,"column":51}},"2":{"start":{"line":3,"column":0},"end":{"line":3,"column":35}},"3":{"start":{"line":11,"column":19},"end":{"line":89,"column":1}},"4":{"start":{"line":12,"column":2},"end":{"line":88,"column":4}},"5":{"start":{"line":19,"column":12},"end":{"line":20,"column":null}},"6":{"start":{"line":23,"column":16},"end":{"line":23,"column":69}},"7":{"start":{"line":23,"column":37},"end":{"line":23,"column":67}},"8":{"start":{"line":35,"column":29},"end":{"line":35,"column":74}},"9":{"start":{"line":49,"column":14},"end":{"line":49,"column":72}},"10":{"start":{"line":49,"column":35},"end":{"line":49,"column":70}},"11":{"start":{"line":57,"column":14},"end":{"line":58,"column":null}},"12":{"start":{"line":91,"column":0},"end":{"line":91,"column":26}}},"fnMap":{"0":{"name":"(anonymous_0)","decl":{"start":{"line":11,"column":19},"end":{"line":11,"column":20}},"loc":{"start":{"line":11,"column":58},"end":{"line":89,"column":1}}},"1":{"name":"(anonymous_1)","decl":{"start":{"line":18,"column":28},"end":{"line":18,"column":29}},"loc":{"start":{"line":19,"column":12},"end":{"line":20,"column":null}}},"2":{"name":"(anonymous_2)","decl":{"start":{"line":22,"column":23},"end":{"line":22,"column":26}},"loc":{"start":{"line":23,"column":16},"end":{"line":23,"column":69}}},"3":{"name":"(anonymous_3)","decl":{"start":{"line":23,"column":26},"end":{"line":23,"column":27}},"loc":{"start":{"line":23,"column":37},"end":{"line":23,"column":67}}},"4":{"name":"(anonymous_4)","decl":{"start":{"line":35,"column":23},"end":{"line":35,"column":26}},"loc":{"start":{"line":35,"column":29},"end":{"line":35,"column":74}}},"5":{"name":"(anonymous_5)","decl":{"start":{"line":48,"column":22},"end":{"line":48,"column":23}},"loc":{"start":{"line":49,"column":14},"end":{"line":49,"column":72}}},"6":{"name":"(anonymous_6)","decl":{"start":{"line":49,"column":24},"end":{"line":49,"column":25}},"loc":{"start":{"line":49,"column":35},"end":{"line":49,"column":70}}},"7":{"name":"(anonymous_7)","decl":{"start":{"line":56,"column":30},"end":{"line":56,"column":31}},"loc":{"start":{"line":57,"column":14},"end":{"line":58,"column":null}}}},"branchMap":{"0":{"loc":{"start":{"line":26,"column":16},"end":{"line":26,"column":null}},"type":"cond-expr","locations":[{"start":{"line":26,"column":46},"end":{"line":26,"column":72}},{"start":{"line":26,"column":75},"end":{"line":26,"column":null}}]},"1":{"loc":{"start":{"line":33,"column":11},"end":{"line":42,"column":null}},"type":"binary-expr","locations":[{"start":{"line":33,"column":12},"end":{"line":33,"column":25}},{"start":{"line":33,"column":29},"end":{"line":33,"column":41}},{"start":{"line":34,"column":12},"end":{"line":41,"column":null}}]}},"s":{"0":1,"1":1,"2":1,"3":1,"4":6,"5":24,"6":0,"7":0,"8":0,"9":0,"10":0,"11":24,"12":1},"f":{"0":6,"1":24,"2":0,"3":0,"4":0,"5":0,"6":0,"7":24},"b":{"0":[0,24],"1":[6,6,0]}}
,"/Users/efishery/Documents/Personal/movie-catalog-vite/src/components/atom/Pagination.tsx": {"path":"/Users/efishery/Documents/Personal/movie-catalog-vite/src/components/atom/Pagination.tsx","statementMap":{"0":{"start":{"line":10,"column":19},"end":{"line":68,"column":1}},"1":{"start":{"line":11,"column":20},"end":{"line":57,"column":3}},"2":{"start":{"line":12,"column":23},"end":{"line":12,"column":24}},"3":{"start":{"line":13,"column":4},"end":{"line":15,"column":5}},"4":{"start":{"line":14,"column":6},"end":{"line":14,"column":17}},"5":{"start":{"line":17,"column":39},"end":{"line":17,"column":41}},"6":{"start":{"line":18,"column":23},"end":{"line":18,"column":49}},"7":{"start":{"line":19,"column":16},"end":{"line":19,"column":40}},"8":{"start":{"line":20,"column":14},"end":{"line":20,"column":38}},"9":{"start":{"line":22,"column":4},"end":{"line":25,"column":5}},"10":{"start":{"line":23,"column":6},"end":{"line":23,"column":16}},"11":{"start":{"line":24,"column":6},"end":{"line":24,"column":45}},"12":{"start":{"line":27,"column":4},"end":{"line":30,"column":5}},"13":{"start":{"line":28,"column":6},"end":{"line":28,"column":23}},"14":{"start":{"line":29,"column":6},"end":{"line":29,"column":55}},"15":{"start":{"line":32,"column":4},"end":{"line":55,"column":5}},"16":{"start":{"line":32,"column":17},"end":{"line":32,"column":22}},"17":{"start":{"line":33,"column":6},"end":{"line":54,"column":10}},"18":{"start":{"line":34,"column":8},"end":{"line":43,"column":10}},"19":{"start":{"line":37,"column":29},"end":{"line":37,"column":71}},"20":{"start":{"line":37,"column":49},"end":{"line":37,"column":69}},"21":{"start":{"line":45,"column":8},"end":{"line":54,"column":10}},"22":{"start":{"line":48,"column":29},"end":{"line":48,"column":71}},"23":{"start":{"line":48,"column":49},"end":{"line":48,"column":69}},"24":{"start":{"line":56,"column":4},"end":{"line":56,"column":22}},"25":{"start":{"line":59,"column":2},"end":{"line":67,"column":4}},"26":{"start":{"line":70,"column":0},"end":{"line":70,"column":26}}},"fnMap":{"0":{"name":"(anonymous_0)","decl":{"start":{"line":10,"column":19},"end":{"line":10,"column":20}},"loc":{"start":{"line":10,"column":78},"end":{"line":68,"column":1}}},"1":{"name":"(anonymous_1)","decl":{"start":{"line":11,"column":20},"end":{"line":11,"column":23}},"loc":{"start":{"line":11,"column":25},"end":{"line":57,"column":3}}},"2":{"name":"(anonymous_2)","decl":{"start":{"line":37,"column":23},"end":{"line":37,"column":26}},"loc":{"start":{"line":37,"column":29},"end":{"line":37,"column":71}}},"3":{"name":"(anonymous_3)","decl":{"start":{"line":37,"column":38},"end":{"line":37,"column":39}},"loc":{"start":{"line":37,"column":49},"end":{"line":37,"column":69}}},"4":{"name":"(anonymous_4)","decl":{"start":{"line":48,"column":23},"end":{"line":48,"column":26}},"loc":{"start":{"line":48,"column":29},"end":{"line":48,"column":71}}},"5":{"name":"(anonymous_5)","decl":{"start":{"line":48,"column":38},"end":{"line":48,"column":39}},"loc":{"start":{"line":48,"column":49},"end":{"line":48,"column":69}}}},"branchMap":{"0":{"loc":{"start":{"line":13,"column":4},"end":{"line":15,"column":5}},"type":"if","locations":[{"start":{"line":13,"column":4},"end":{"line":15,"column":5}}]},"1":{"loc":{"start":{"line":22,"column":4},"end":{"line":25,"column":5}},"type":"if","locations":[{"start":{"line":22,"column":4},"end":{"line":25,"column":5}}]},"2":{"loc":{"start":{"line":27,"column":4},"end":{"line":30,"column":5}},"type":"if","locations":[{"start":{"line":27,"column":4},"end":{"line":30,"column":5}}]},"3":{"loc":{"start":{"line":33,"column":6},"end":{"line":54,"column":10}},"type":"if","locations":[{"start":{"line":33,"column":6},"end":{"line":54,"column":10}},{"start":{"line":45,"column":8},"end":{"line":54,"column":10}}]}},"s":{"0":1,"1":3,"2":3,"3":3,"4":0,"5":3,"6":3,"7":3,"8":3,"9":3,"10":3,"11":3,"12":3,"13":0,"14":0,"15":3,"16":3,"17":0,"18":0,"19":0,"20":0,"21":0,"22":0,"23":0,"24":3,"25":3,"26":1},"f":{"0":3,"1":3,"2":0,"3":0,"4":0,"5":0},"b":{"0":[0],"1":[3],"2":[0],"3":[0,0]}}
,"/Users/efishery/Documents/Personal/movie-catalog-vite/src/components/atom/Search.tsx": {"path":"/Users/efishery/Documents/Personal/movie-catalog-vite/src/components/atom/Search.tsx","statementMap":{"0":{"start":{"line":1,"column":0},"end":{"line":1,"column":47}},"1":{"start":{"line":3,"column":0},"end":{"line":3,"column":70}},"2":{"start":{"line":5,"column":20},"end":{"line":67,"column":1}},"3":{"start":{"line":12,"column":38},"end":{"line":12,"column":53}},"4":{"start":{"line":13,"column":38},"end":{"line":13,"column":60}},"5":{"start":{"line":15,"column":2},"end":{"line":18,"column":36}},"6":{"start":{"line":16,"column":4},"end":{"line":16,"column":32}},"7":{"start":{"line":17,"column":4},"end":{"line":17,"column":44}},"8":{"start":{"line":17,"column":23},"end":{"line":17,"column":44}},"9":{"start":{"line":20,"column":22},"end":{"line":22,"column":3}},"10":{"start":{"line":21,"column":4},"end":{"line":21,"column":24}},"11":{"start":{"line":24,"column":21},"end":{"line":28,"column":3}},"12":{"start":{"line":25,"column":4},"end":{"line":27,"column":5}},"13":{"start":{"line":26,"column":6},"end":{"line":26,"column":27}},"14":{"start":{"line":30,"column":23},"end":{"line":32,"column":3}},"15":{"start":{"line":31,"column":4},"end":{"line":31,"column":34}},"16":{"start":{"line":34,"column":23},"end":{"line":39,"column":3}},"17":{"start":{"line":35,"column":4},"end":{"line":38,"column":5}},"18":{"start":{"line":36,"column":6},"end":{"line":36,"column":25}},"19":{"start":{"line":37,"column":6},"end":{"line":37,"column":67}},"20":{"start":{"line":40,"column":2},"end":{"line":66,"column":4}},"21":{"start":{"line":69,"column":0},"end":{"line":69,"column":27}}},"fnMap":{"0":{"name":"(anonymous_0)","decl":{"start":{"line":5,"column":20},"end":{"line":5,"column":21}},"loc":{"start":{"line":11,"column":5},"end":{"line":67,"column":1}}},"1":{"name":"(anonymous_1)","decl":{"start":{"line":15,"column":12},"end":{"line":15,"column":15}},"loc":{"start":{"line":15,"column":17},"end":{"line":18,"column":3}}},"2":{"name":"(anonymous_2)","decl":{"start":{"line":20,"column":22},"end":{"line":20,"column":25}},"loc":{"start":{"line":20,"column":27},"end":{"line":22,"column":3}}},"3":{"name":"(anonymous_3)","decl":{"start":{"line":24,"column":21},"end":{"line":24,"column":24}},"loc":{"start":{"line":24,"column":26},"end":{"line":28,"column":3}}},"4":{"name":"(anonymous_4)","decl":{"start":{"line":30,"column":23},"end":{"line":30,"column":24}},"loc":{"start":{"line":30,"column":66},"end":{"line":32,"column":3}}},"5":{"name":"(anonymous_5)","decl":{"start":{"line":34,"column":23},"end":{"line":34,"column":24}},"loc":{"start":{"line":34,"column":68},"end":{"line":39,"column":3}}}},"branchMap":{"0":{"loc":{"start":{"line":17,"column":4},"end":{"line":17,"column":44}},"type":"if","locations":[{"start":{"line":17,"column":4},"end":{"line":17,"column":44}}]},"1":{"loc":{"start":{"line":25,"column":4},"end":{"line":27,"column":5}},"type":"if","locations":[{"start":{"line":25,"column":4},"end":{"line":27,"column":5}}]},"2":{"loc":{"start":{"line":35,"column":4},"end":{"line":38,"column":5}},"type":"if","locations":[{"start":{"line":35,"column":4},"end":{"line":38,"column":5}}]},"3":{"loc":{"start":{"line":35,"column":8},"end":{"line":35,"column":39}},"type":"binary-expr","locations":[{"start":{"line":35,"column":8},"end":{"line":35,"column":25}},{"start":{"line":35,"column":29},"end":{"line":35,"column":39}}]},"4":{"loc":{"start":{"line":46,"column":12},"end":{"line":46,"column":null}},"type":"cond-expr","locations":[{"start":{"line":46,"column":25},"end":{"line":46,"column":31}},{"start":{"line":46,"column":34},"end":{"line":46,"column":null}}]}},"s":{"0":1,"1":1,"2":1,"3":8,"4":8,"5":8,"6":2,"7":2,"8":2,"9":8,"10":0,"11":8,"12":0,"13":0,"14":8,"15":0,"16":8,"17":0,"18":0,"19":0,"20":8,"21":1},"f":{"0":8,"1":2,"2":0,"3":0,"4":0,"5":0},"b":{"0":[2],"1":[0],"2":[0],"3":[0,0],"4":[0,8]}}
,"/Users/efishery/Documents/Personal/movie-catalog-vite/src/components/view/CatalogMovie.tsx": {"path":"/Users/efishery/Documents/Personal/movie-catalog-vite/src/components/view/CatalogMovie.tsx","statementMap":{"0":{"start":{"line":1,"column":0},"end":{"line":1,"column":47}},"1":{"start":{"line":5,"column":0},"end":{"line":5,"column":44}},"2":{"start":{"line":6,"column":0},"end":{"line":6,"column":67}},"3":{"start":{"line":9,"column":0},"end":{"line":9,"column":34}},"4":{"start":{"line":10,"column":0},"end":{"line":10,"column":44}},"5":{"start":{"line":11,"column":0},"end":{"line":11,"column":47}},"6":{"start":{"line":23,"column":21},"end":{"line":82,"column":1}},"7":{"start":{"line":24,"column":19},"end":{"line":24,"column":32}},"8":{"start":{"line":25,"column":28},"end":{"line":27,"column":3}},"9":{"start":{"line":26,"column":4},"end":{"line":26,"column":23}},"10":{"start":{"line":29,"column":2},"end":{"line":81,"column":4}},"11":{"start":{"line":33,"column":10},"end":{"line":72,"column":12}},"12":{"start":{"line":37,"column":29},"end":{"line":37,"column":66}},"13":{"start":{"line":84,"column":0},"end":{"line":84,"column":28}}},"fnMap":{"0":{"name":"(anonymous_0)","decl":{"start":{"line":23,"column":21},"end":{"line":23,"column":22}},"loc":{"start":{"line":23,"column":76},"end":{"line":82,"column":1}}},"1":{"name":"(anonymous_1)","decl":{"start":{"line":25,"column":28},"end":{"line":25,"column":29}},"loc":{"start":{"line":25,"column":43},"end":{"line":27,"column":3}}},"2":{"name":"(anonymous_2)","decl":{"start":{"line":32,"column":21},"end":{"line":32,"column":22}},"loc":{"start":{"line":32,"column":41},"end":{"line":73,"column":9}}},"3":{"name":"(anonymous_3)","decl":{"start":{"line":37,"column":23},"end":{"line":37,"column":26}},"loc":{"start":{"line":37,"column":29},"end":{"line":37,"column":66}}}},"branchMap":{},"s":{"0":1,"1":1,"2":1,"3":1,"4":1,"5":1,"6":1,"7":3,"8":3,"9":0,"10":3,"11":3,"12":0,"13":1},"f":{"0":3,"1":0,"2":3,"3":0},"b":{}}
,"/Users/efishery/Documents/Personal/movie-catalog-vite/src/constants/filters.ts": {"path":"/Users/efishery/Documents/Personal/movie-catalog-vite/src/constants/filters.ts","statementMap":{"0":{"start":{"line":1,"column":13},"end":{"line":18,"column":2}}},"fnMap":{},"branchMap":{},"s":{"0":1},"f":{},"b":{}}
,"/Users/efishery/Documents/Personal/movie-catalog-vite/src/pages/DiscoverMoviePage.tsx": {"path":"/Users/efishery/Documents/Personal/movie-catalog-vite/src/pages/DiscoverMoviePage.tsx","statementMap":{"0":{"start":{"line":1,"column":0},"end":{"line":1,"column":48}},"1":{"start":{"line":3,"column":0},"end":{"line":3,"column":48}},"2":{"start":{"line":5,"column":0},"end":{"line":5,"column":51}},"3":{"start":{"line":6,"column":0},"end":{"line":6,"column":58}},"4":{"start":{"line":7,"column":0},"end":{"line":7,"column":52}},"5":{"start":{"line":8,"column":0},"end":{"line":8,"column":54}},"6":{"start":{"line":10,"column":30},"end":{"line":49,"column":1}},"7":{"start":{"line":11,"column":42},"end":{"line":11,"column":59}},"8":{"start":{"line":12,"column":30},"end":{"line":16,"column":4}},"9":{"start":{"line":18,"column":2},"end":{"line":26,"column":46}},"10":{"start":{"line":19,"column":4},"end":{"line":19,"column":61}},"11":{"start":{"line":21,"column":4},"end":{"line":23,"column":39}},"12":{"start":{"line":22,"column":6},"end":{"line":22,"column":66}},"13":{"start":{"line":23,"column":9},"end":{"line":23,"column":39}},"14":{"start":{"line":25,"column":4},"end":{"line":25,"column":34}},"15":{"start":{"line":28,"column":15},"end":{"line":28,"column":35}},"16":{"start":{"line":29,"column":17},"end":{"line":29,"column":35}},"17":{"start":{"line":31,"column":2},"end":{"line":48,"column":4}},"18":{"start":{"line":51,"column":0},"end":{"line":51,"column":33}}},"fnMap":{"0":{"name":"(anonymous_0)","decl":{"start":{"line":10,"column":30},"end":{"line":10,"column":33}},"loc":{"start":{"line":10,"column":35},"end":{"line":49,"column":1}}},"1":{"name":"(anonymous_1)","decl":{"start":{"line":18,"column":12},"end":{"line":18,"column":15}},"loc":{"start":{"line":18,"column":17},"end":{"line":26,"column":3}}}},"branchMap":{"0":{"loc":{"start":{"line":13,"column":10},"end":{"line":13,"column":39}},"type":"binary-expr","locations":[{"start":{"line":13,"column":10},"end":{"line":13,"column":34}},{"start":{"line":13,"column":38},"end":{"line":13,"column":39}}]},"1":{"loc":{"start":{"line":14,"column":12},"end":{"line":14,"column":44}},"type":"binary-expr","locations":[{"start":{"line":14,"column":12},"end":{"line":14,"column":38}},{"start":{"line":14,"column":42},"end":{"line":14,"column":44}}]},"2":{"loc":{"start":{"line":19,"column":29},"end":{"line":19,"column":59}},"type":"binary-expr","locations":[{"start":{"line":19,"column":29},"end":{"line":19,"column":52}},{"start":{"line":19,"column":56},"end":{"line":19,"column":59}}]},"3":{"loc":{"start":{"line":21,"column":4},"end":{"line":23,"column":39}},"type":"if","locations":[{"start":{"line":21,"column":4},"end":{"line":23,"column":39}},{"start":{"line":23,"column":9},"end":{"line":23,"column":39}}]},"4":{"loc":{"start":{"line":22,"column":33},"end":{"line":22,"column":64}},"type":"binary-expr","locations":[{"start":{"line":22,"column":33},"end":{"line":22,"column":58}},{"start":{"line":22,"column":62},"end":{"line":22,"column":64}}]},"5":{"loc":{"start":{"line":36,"column":9},"end":{"line":44,"column":null}},"type":"cond-expr","locations":[{"start":{"line":37,"column":10},"end":{"line":37,"column":21}},{"start":{"line":39,"column":10},"end":{"line":43,"column":null}}]},"6":{"loc":{"start":{"line":36,"column":9},"end":{"line":36,"column":42}},"type":"binary-expr","locations":[{"start":{"line":36,"column":9},"end":{"line":36,"column":23}},{"start":{"line":36,"column":27},"end":{"line":36,"column":42}}]}},"s":{"0":1,"1":1,"2":1,"3":1,"4":1,"5":1,"6":1,"7":6,"8":6,"9":6,"10":4,"11":4,"12":0,"13":4,"14":4,"15":6,"16":6,"17":6,"18":1},"f":{"0":6,"1":4},"b":{"0":[6,2],"1":[6,6],"2":[4,0],"3":[0,4],"4":[0,0],"5":[3,3],"6":[6,3]}}
}
