{"/Users/efishery/Documents/Personal/movie-catalog-vite/src/vite-env.d.ts": {"path":"/Users/efishery/Documents/Personal/movie-catalog-vite/src/vite-env.d.ts","statementMap":{},"fnMap":{},"branchMap":{},"s":{},"f":{},"b":{}}
,"/Users/efishery/Documents/Personal/movie-catalog-vite/src/constants/filters.ts": {"path":"/Users/efishery/Documents/Personal/movie-catalog-vite/src/constants/filters.ts","statementMap":{"0":{"start":{"line":1,"column":13},"end":{"line":18,"column":2}}},"fnMap":{},"branchMap":{},"s":{"0":0},"f":{},"b":{}}
,"/Users/efishery/Documents/Personal/movie-catalog-vite/src/services/hooks.ts": {"path":"/Users/efishery/Documents/Personal/movie-catalog-vite/src/services/hooks.ts","statementMap":{"0":{"start":{"line":3,"column":0},"end":{"line":3,"column":49}},"1":{"start":{"line":4,"column":0},"end":{"line":4,"column":28}},"2":{"start":{"line":7,"column":0},"end":{"line":7,"column":36}},"3":{"start":{"line":9,"column":39},"end":{"line":37,"column":1}},"4":{"start":{"line":16,"column":2},"end":{"line":36,"column":5}},"5":{"start":{"line":18,"column":24},"end":{"line":26,"column":null}},"6":{"start":{"line":19,"column":23},"end":{"line":23,"column":null}},"7":{"start":{"line":25,"column":6},"end":{"line":25,"column":18}},"8":{"start":{"line":30,"column":6},"end":{"line":32,"column":8}},"9":{"start":{"line":34,"column":6},"end":{"line":34,"column":35}},"10":{"start":{"line":9,"column":13},"end":{"line":9,"column":39}},"11":{"start":{"line":39,"column":38},"end":{"line":67,"column":1}},"12":{"start":{"line":46,"column":2},"end":{"line":66,"column":5}},"13":{"start":{"line":48,"column":24},"end":{"line":56,"column":null}},"14":{"start":{"line":49,"column":23},"end":{"line":53,"column":null}},"15":{"start":{"line":55,"column":6},"end":{"line":55,"column":18}},"16":{"start":{"line":60,"column":6},"end":{"line":62,"column":8}},"17":{"start":{"line":64,"column":6},"end":{"line":64,"column":35}},"18":{"start":{"line":39,"column":13},"end":{"line":39,"column":38}},"19":{"start":{"line":69,"column":30},"end":{"line":96,"column":1}},"20":{"start":{"line":76,"column":2},"end":{"line":95,"column":5}},"21":{"start":{"line":78,"column":24},"end":{"line":86,"column":null}},"22":{"start":{"line":79,"column":23},"end":{"line":83,"column":null}},"23":{"start":{"line":85,"column":6},"end":{"line":85,"column":18}},"24":{"start":{"line":90,"column":6},"end":{"line":92,"column":8}},"25":{"start":{"line":93,"column":6},"end":{"line":93,"column":35}},"26":{"start":{"line":69,"column":13},"end":{"line":69,"column":30}},"27":{"start":{"line":98,"column":33},"end":{"line":117,"column":1}},"28":{"start":{"line":99,"column":2},"end":{"line":116,"column":5}},"29":{"start":{"line":101,"column":24},"end":{"line":108,"column":null}},"30":{"start":{"line":102,"column":23},"end":{"line":106,"column":8}},"31":{"start":{"line":107,"column":6},"end":{"line":107,"column":18}},"32":{"start":{"line":111,"column":6},"end":{"line":113,"column":8}},"33":{"start":{"line":114,"column":6},"end":{"line":114,"column":35}},"34":{"start":{"line":98,"column":13},"end":{"line":98,"column":33}},"35":{"start":{"line":119,"column":28},"end":{"line":144,"column":1}},"36":{"start":{"line":128,"column":23},"end":{"line":128,"column":53}},"37":{"start":{"line":129,"column":2},"end":{"line":131,"column":3}},"38":{"start":{"line":130,"column":4},"end":{"line":130,"column":64}},"39":{"start":{"line":132,"column":2},"end":{"line":143,"column":3}},"40":{"start":{"line":134,"column":6},"end":{"line":134,"column":66}},"41":{"start":{"line":136,"column":6},"end":{"line":136,"column":66}},"42":{"start":{"line":138,"column":6},"end":{"line":138,"column":66}},"43":{"start":{"line":140,"column":6},"end":{"line":140,"column":66}},"44":{"start":{"line":142,"column":6},"end":{"line":142,"column":61}},"45":{"start":{"line":119,"column":13},"end":{"line":119,"column":28}}},"fnMap":{"0":{"name":"(anonymous_7)","decl":{"start":{"line":9,"column":39},"end":{"line":9,"column":40}},"loc":{"start":{"line":15,"column":5},"end":{"line":37,"column":1}}},"1":{"name":"(anonymous_8)","decl":{"start":{"line":18,"column":13},"end":{"line":18,"column":22}},"loc":{"start":{"line":18,"column":24},"end":{"line":26,"column":null}}},"2":{"name":"(anonymous_9)","decl":{"start":{"line":18,"column":24},"end":{"line":18,"column":null}},"loc":{"start":{"line":18,"column":24},"end":{"line":26,"column":5}}},"3":{"name":"(anonymous_10)","decl":{"start":{"line":29,"column":13},"end":{"line":29,"column":14}},"loc":{"start":{"line":29,"column":35},"end":{"line":35,"column":5}}},"4":{"name":"(anonymous_11)","decl":{"start":{"line":39,"column":38},"end":{"line":39,"column":39}},"loc":{"start":{"line":45,"column":5},"end":{"line":67,"column":1}}},"5":{"name":"(anonymous_12)","decl":{"start":{"line":48,"column":13},"end":{"line":48,"column":22}},"loc":{"start":{"line":48,"column":24},"end":{"line":56,"column":null}}},"6":{"name":"(anonymous_13)","decl":{"start":{"line":48,"column":24},"end":{"line":48,"column":null}},"loc":{"start":{"line":48,"column":24},"end":{"line":56,"column":5}}},"7":{"name":"(anonymous_14)","decl":{"start":{"line":59,"column":13},"end":{"line":59,"column":14}},"loc":{"start":{"line":59,"column":35},"end":{"line":65,"column":5}}},"8":{"name":"(anonymous_15)","decl":{"start":{"line":69,"column":30},"end":{"line":69,"column":31}},"loc":{"start":{"line":75,"column":5},"end":{"line":96,"column":1}}},"9":{"name":"(anonymous_16)","decl":{"start":{"line":78,"column":13},"end":{"line":78,"column":22}},"loc":{"start":{"line":78,"column":24},"end":{"line":86,"column":null}}},"10":{"name":"(anonymous_17)","decl":{"start":{"line":78,"column":24},"end":{"line":78,"column":null}},"loc":{"start":{"line":78,"column":24},"end":{"line":86,"column":5}}},"11":{"name":"(anonymous_18)","decl":{"start":{"line":89,"column":13},"end":{"line":89,"column":14}},"loc":{"start":{"line":89,"column":35},"end":{"line":94,"column":5}}},"12":{"name":"(anonymous_19)","decl":{"start":{"line":98,"column":33},"end":{"line":98,"column":34}},"loc":{"start":{"line":98,"column":68},"end":{"line":117,"column":1}}},"13":{"name":"(anonymous_20)","decl":{"start":{"line":101,"column":13},"end":{"line":101,"column":22}},"loc":{"start":{"line":101,"column":24},"end":{"line":108,"column":null}}},"14":{"name":"(anonymous_21)","decl":{"start":{"line":101,"column":24},"end":{"line":101,"column":null}},"loc":{"start":{"line":101,"column":24},"end":{"line":108,"column":5}}},"15":{"name":"(anonymous_22)","decl":{"start":{"line":110,"column":13},"end":{"line":110,"column":14}},"loc":{"start":{"line":110,"column":35},"end":{"line":115,"column":5}}},"16":{"name":"(anonymous_23)","decl":{"start":{"line":119,"column":28},"end":{"line":119,"column":29}},"loc":{"start":{"line":127,"column":5},"end":{"line":144,"column":1}}}},"branchMap":{"0":{"loc":{"start":{"line":10,"column":2},"end":{"line":10,"column":10}},"type":"default-arg","locations":[{"start":{"line":10,"column":9},"end":{"line":10,"column":10}}]},"1":{"loc":{"start":{"line":40,"column":2},"end":{"line":40,"column":10}},"type":"default-arg","locations":[{"start":{"line":40,"column":9},"end":{"line":40,"column":10}}]},"2":{"loc":{"start":{"line":120,"column":2},"end":{"line":120,"column":10}},"type":"default-arg","locations":[{"start":{"line":120,"column":9},"end":{"line":120,"column":10}}]},"3":{"loc":{"start":{"line":128,"column":23},"end":{"line":128,"column":53}},"type":"binary-expr","locations":[{"start":{"line":128,"column":23},"end":{"line":128,"column":30}},{"start":{"line":128,"column":34},"end":{"line":128,"column":53}}]},"4":{"loc":{"start":{"line":129,"column":2},"end":{"line":131,"column":3}},"type":"if","locations":[{"start":{"line":129,"column":2},"end":{"line":131,"column":3}}]},"5":{"loc":{"start":{"line":130,"column":35},"end":{"line":130,"column":46}},"type":"binary-expr","locations":[{"start":{"line":130,"column":35},"end":{"line":130,"column":40}},{"start":{"line":130,"column":44},"end":{"line":130,"column":46}}]},"6":{"loc":{"start":{"line":132,"column":2},"end":{"line":143,"column":3}},"type":"switch","locations":[{"start":{"line":133,"column":4},"end":{"line":134,"column":66}},{"start":{"line":135,"column":4},"end":{"line":136,"column":66}},{"start":{"line":137,"column":4},"end":{"line":138,"column":66}},{"start":{"line":139,"column":4},"end":{"line":140,"column":66}},{"start":{"line":141,"column":4},"end":{"line":142,"column":61}}]}},"s":{"0":0,"1":0,"2":0,"3":0,"4":0,"5":0,"6":0,"7":0,"8":0,"9":0,"10":0,"11":0,"12":0,"13":0,"14":0,"15":0,"16":0,"17":0,"18":0,"19":0,"20":0,"21":0,"22":0,"23":0,"24":0,"25":0,"26":0,"27":0,"28":0,"29":0,"30":0,"31":0,"32":0,"33":0,"34":0,"35":0,"36":0,"37":0,"38":0,"39":0,"40":0,"41":0,"42":0,"43":0,"44":0,"45":0},"f":{"0":0,"1":0,"2":0,"3":0,"4":0,"5":0,"6":0,"7":0,"8":0,"9":0,"10":0,"11":0,"12":0,"13":0,"14":0,"15":0,"16":0},"b":{"0":[0],"1":[0],"2":[0],"3":[0,0],"4":[0],"5":[0,0],"6":[0,0,0,0,0]}}
}
