TN:
SF:src/assets/icons/cross.tsx
FN:3,(anonymous_0)
FNF:1
FNH:0
FNDA:0,(anonymous_0)
DA:3,1
DA:4,0
DA:20,1
LF:3
LH:2
BRDA:3,0,0,0
BRF:1
BRH:0
end_of_record
TN:
SF:src/assets/icons/eye.tsx
FN:3,(anonymous_0)
FNF:1
FNH:1
FNDA:3,(anonymous_0)
DA:3,1
DA:4,3
DA:21,1
LF:3
LH:3
BRDA:3,0,0,0
BRF:1
BRH:0
end_of_record
TN:
SF:src/assets/icons/search.tsx
FN:3,(anonymous_0)
FNF:1
FNH:1
FNDA:6,(anonymous_0)
DA:3,1
DA:4,6
DA:20,1
LF:3
LH:3
BRDA:3,0,0,0
BRF:1
BRH:0
end_of_record
TN:
SF:src/assets/icons/stars.tsx
FN:3,(anonymous_0)
FNF:1
FNH:1
FNDA:3,(anonymous_0)
DA:3,1
DA:4,3
DA:20,1
LF:3
LH:3
BRDA:3,0,0,0
BRF:1
BRH:0
end_of_record
TN:
SF:src/components/atom/Image.tsx
FN:10,(anonymous_0)
FN:25,(anonymous_1)
FNF:2
FNH:1
FNDA:3,(anonymous_0)
FNDA:0,(anonymous_1)
DA:1,1
DA:10,1
DA:16,3
DA:18,3
DA:25,0
DA:30,1
LF:6
LH:5
BRDA:13,0,0,0
BRDA:14,1,0,3
BRDA:20,2,0,0
BRDA:20,2,1,3
BRDA:23,3,0,0
BRDA:23,3,1,3
BRF:6
BRH:3
end_of_record
TN:
SF:src/components/atom/Loading.tsx
FN:1,(anonymous_0)
FNF:1
FNH:1
FNDA:3,(anonymous_0)
DA:1,1
DA:2,3
LF:2
LH:2
BRF:0
BRH:0
end_of_record
TN:
SF:src/components/atom/Navigation.tsx
FN:11,(anonymous_0)
FN:18,(anonymous_1)
FN:22,(anonymous_2)
FN:23,(anonymous_3)
FN:35,(anonymous_4)
FN:48,(anonymous_5)
FN:49,(anonymous_6)
FN:56,(anonymous_7)
FNF:8
FNH:3
FNDA:6,(anonymous_0)
FNDA:24,(anonymous_1)
FNDA:0,(anonymous_2)
FNDA:0,(anonymous_3)
FNDA:0,(anonymous_4)
FNDA:0,(anonymous_5)
FNDA:0,(anonymous_6)
FNDA:24,(anonymous_7)
DA:1,1
DA:2,1
DA:3,1
DA:11,1
DA:12,6
DA:19,24
DA:23,0
DA:35,0
DA:49,0
DA:57,24
DA:91,1
LF:11
LH:8
BRDA:26,0,0,0
BRDA:26,0,1,24
BRDA:33,1,0,6
BRDA:33,1,1,6
BRDA:33,1,2,0
BRF:5
BRH:3
end_of_record
TN:
SF:src/components/atom/Pagination.tsx
FN:10,(anonymous_0)
FN:11,(anonymous_1)
FN:37,(anonymous_2)
FN:37,(anonymous_3)
FN:48,(anonymous_4)
FN:48,(anonymous_5)
FNF:6
FNH:2
FNDA:3,(anonymous_0)
FNDA:3,(anonymous_1)
FNDA:0,(anonymous_2)
FNDA:0,(anonymous_3)
FNDA:0,(anonymous_4)
FNDA:0,(anonymous_5)
DA:10,1
DA:11,3
DA:12,3
DA:13,3
DA:14,0
DA:17,3
DA:18,3
DA:19,3
DA:20,3
DA:22,3
DA:23,3
DA:24,3
DA:27,3
DA:28,0
DA:29,0
DA:32,3
DA:33,0
DA:34,0
DA:37,0
DA:45,0
DA:48,0
DA:56,3
DA:59,3
DA:70,1
LF:24
LH:16
BRDA:13,0,0,0
BRDA:22,1,0,3
BRDA:27,2,0,0
BRDA:33,3,0,0
BRDA:33,3,1,0
BRF:5
BRH:1
end_of_record
TN:
SF:src/components/atom/Search.tsx
FN:5,(anonymous_0)
FN:15,(anonymous_1)
FN:20,(anonymous_2)
FN:24,(anonymous_3)
FN:30,(anonymous_4)
FN:34,(anonymous_5)
FNF:6
FNH:2
FNDA:8,(anonymous_0)
FNDA:2,(anonymous_1)
FNDA:0,(anonymous_2)
FNDA:0,(anonymous_3)
FNDA:0,(anonymous_4)
FNDA:0,(anonymous_5)
DA:1,1
DA:3,1
DA:5,1
DA:12,8
DA:13,8
DA:15,8
DA:16,2
DA:17,2
DA:20,8
DA:21,0
DA:24,8
DA:25,0
DA:26,0
DA:30,8
DA:31,0
DA:34,8
DA:35,0
DA:36,0
DA:37,0
DA:40,8
DA:69,1
LF:21
LH:14
BRDA:17,0,0,2
BRDA:25,1,0,0
BRDA:35,2,0,0
BRDA:35,3,0,0
BRDA:35,3,1,0
BRDA:46,4,0,0
BRDA:46,4,1,8
BRF:7
BRH:2
end_of_record
TN:
SF:src/components/view/CatalogMovie.tsx
FN:23,(anonymous_0)
FN:25,(anonymous_1)
FN:32,(anonymous_2)
FN:37,(anonymous_3)
FNF:4
FNH:2
FNDA:3,(anonymous_0)
FNDA:0,(anonymous_1)
FNDA:3,(anonymous_2)
FNDA:0,(anonymous_3)
DA:1,1
DA:5,1
DA:6,1
DA:9,1
DA:10,1
DA:11,1
DA:23,1
DA:24,3
DA:25,3
DA:26,0
DA:29,3
DA:33,3
DA:37,0
DA:84,1
LF:14
LH:12
BRF:0
BRH:0
end_of_record
TN:
SF:src/constants/filters.ts
FNF:0
FNH:0
DA:1,1
LF:1
LH:1
BRF:0
BRH:0
end_of_record
TN:
SF:src/pages/DiscoverMoviePage.tsx
FN:10,(anonymous_0)
FN:18,(anonymous_1)
FNF:2
FNH:2
FNDA:6,(anonymous_0)
FNDA:4,(anonymous_1)
DA:1,1
DA:3,1
DA:5,1
DA:6,1
DA:7,1
DA:8,1
DA:10,1
DA:11,6
DA:12,6
DA:18,6
DA:19,4
DA:21,4
DA:22,0
DA:23,4
DA:25,4
DA:28,6
DA:29,6
DA:31,6
DA:51,1
LF:19
LH:18
BRDA:13,0,0,6
BRDA:13,0,1,2
BRDA:14,1,0,6
BRDA:14,1,1,6
BRDA:19,2,0,4
BRDA:19,2,1,0
BRDA:21,3,0,0
BRDA:21,3,1,4
BRDA:22,4,0,0
BRDA:22,4,1,0
BRDA:36,5,0,3
BRDA:36,5,1,3
BRDA:36,6,0,6
BRDA:36,6,1,3
BRF:14
BRH:10
end_of_record
