TN:
SF:src/vite-env.d.ts
FNF:0
FNH:0
LF:0
LH:0
BRF:0
BRH:0
end_of_record
TN:
SF:src/constants/filters.ts
FNF:0
FNH:0
DA:1,0
LF:1
LH:0
BRF:0
BRH:0
end_of_record
TN:
SF:src/services/hooks.ts
FN:9,(anonymous_7)
FN:18,(anonymous_8)
FN:18,(anonymous_9)
FN:29,(anonymous_10)
FN:39,(anonymous_11)
FN:48,(anonymous_12)
FN:48,(anonymous_13)
FN:59,(anonymous_14)
FN:69,(anonymous_15)
FN:78,(anonymous_16)
FN:78,(anonymous_17)
FN:89,(anonymous_18)
FN:98,(anonymous_19)
FN:101,(anonymous_20)
FN:101,(anonymous_21)
FN:110,(anonymous_22)
FN:119,(anonymous_23)
FNF:17
FNH:0
FNDA:0,(anonymous_7)
FNDA:0,(anonymous_8)
FNDA:0,(anonymous_9)
FNDA:0,(anonymous_10)
FNDA:0,(anonymous_11)
FNDA:0,(anonymous_12)
FNDA:0,(anonymous_13)
FNDA:0,(anonymous_14)
FNDA:0,(anonymous_15)
FNDA:0,(anonymous_16)
FNDA:0,(anonymous_17)
FNDA:0,(anonymous_18)
FNDA:0,(anonymous_19)
FNDA:0,(anonymous_20)
FNDA:0,(anonymous_21)
FNDA:0,(anonymous_22)
FNDA:0,(anonymous_23)
DA:3,0
DA:4,0
DA:7,0
DA:9,0
DA:16,0
DA:18,0
DA:19,0
DA:25,0
DA:30,0
DA:34,0
DA:39,0
DA:46,0
DA:48,0
DA:49,0
DA:55,0
DA:60,0
DA:64,0
DA:69,0
DA:76,0
DA:78,0
DA:79,0
DA:85,0
DA:90,0
DA:93,0
DA:98,0
DA:99,0
DA:101,0
DA:102,0
DA:107,0
DA:111,0
DA:114,0
DA:119,0
DA:128,0
DA:129,0
DA:130,0
DA:132,0
DA:134,0
DA:136,0
DA:138,0
DA:140,0
DA:142,0
LF:41
LH:0
BRDA:10,0,0,0
BRDA:40,1,0,0
BRDA:120,2,0,0
BRDA:128,3,0,0
BRDA:128,3,1,0
BRDA:129,4,0,0
BRDA:130,5,0,0
BRDA:130,5,1,0
BRDA:132,6,0,0
BRDA:132,6,1,0
BRDA:132,6,2,0
BRDA:132,6,3,0
BRDA:132,6,4,0
BRF:13
BRH:0
end_of_record
